{
  "RSpec": {
    "coverage": {
      "/home/nazar/RubymineProjects/codebreaker_web/src/codebreaker_web.rb": {
        "lines": [
          1,
          1,
          1,
          1,
          1,
          null,
          1,
          1,
          null,
          1,
          1,
          1,
          1,
          1,
          1,
          1
        ]
      },
      "/home/nazar/RubymineProjects/codebreaker_web/src/db_methods/db_methods.rb": {
        "lines": [
          1,
          1,
          null,
          1,
          0,
          null,
          null,
          1,
          0,
          null,
          0,
          null,
          null
        ]
      },
      "/home/nazar/RubymineProjects/codebreaker_web/src/middlewares/raker.rb": {
        "lines": [
          1,
          1,
          3,
          null,
          null,
          1,
          0,
          null,
          null,
          1,
          3,
          3,
          3,
          null,
          null,
          1,
          3,
          3,
          null,
          null
        ]
      },
      "/home/nazar/RubymineProjects/codebreaker_web/src/middlewares/game_racker.rb": {
        "lines": [
          1,
          1,
          null,
          1,
          null,
          null,
          null,
          null,
          null,
          null,
          null,
          null,
          1,
          null,
          1,
          3,
          3,
          null,
          null,
          1,
          0,
          null,
          0,
          0,
          null,
          null,
          1,
          0,
          null,
          0,
          null,
          null,
          1,
          3,
          null,
          3,
          null,
          null,
          1,
          0,
          null,
          0,
          null,
          null,
          1,
          0,
          0,
          null,
          0,
          0,
          null,
          null,
          1,
          0,
          null,
          0,
          0,
          0,
          null,
          null,
          1,
          0,
          null,
          0,
          0,
          0,
          0,
          null,
          null,
          1,
          0,
          null,
          0,
          0,
          null,
          null,
          1,
          0,
          0,
          null,
          0,
          null,
          null
        ]
      },
      "/home/nazar/RubymineProjects/codebreaker_web/src/middlewares/rules_racker.rb": {
        "lines": [
          1,
          1,
          null,
          null,
          null,
          1,
          0,
          null,
          null
        ]
      },
      "/home/nazar/RubymineProjects/codebreaker_web/src/middlewares/stat_racker.rb": {
        "lines": [
          1,
          1,
          null,
          1,
          null,
          null,
          null,
          null,
          1,
          null,
          null,
          null,
          null,
          1,
          0,
          null,
          null
        ]
      },
      "/home/nazar/RubymineProjects/codebreaker_web/src/game/game.rb": {
        "lines": [
          1,
          1,
          null,
          null,
          1,
          null,
          null,
          null,
          null,
          1,
          null,
          1,
          3,
          3,
          null,
          null,
          1,
          0,
          0,
          0,
          0,
          null,
          null,
          null,
          1,
          0,
          0,
          0,
          0,
          null,
          null,
          1,
          3,
          3,
          3,
          null,
          null,
          1,
          0,
          0,
          0,
          null,
          null,
          1,
          0,
          0,
          0,
          0,
          0,
          0,
          null,
          null,
          1,
          0,
          null,
          null,
          1,
          0,
          0,
          null,
          null,
          1,
          3,
          null,
          null,
          1,
          0,
          0,
          null,
          0,
          null,
          null
        ]
      },
      "/home/nazar/RubymineProjects/codebreaker_web/src/main.rb": {
        "lines": [
          1,
          null,
          1,
          1,
          null,
          1,
          3,
          null,
          null,
          1,
          3,
          null,
          null,
          1,
          3,
          6,
          0,
          null,
          null
        ]
      }
    },
    "timestamp": 1632503282
  }
}
